Using pre-set license
Built from '2021.3/staging' branch; Version is '2021.3.15f1 (e8e88683f834) revision 15263878'; Using compiler version '192829333'; Build Type 'Release'
OS: 'Windows 10  (10.0.19045) 64bit Professional' Language: 'en' Physical Memory: 32717 MB
BatchMode: 1, IsHumanControllingUs: 0, StartBugReporterOnCrash: 0, Is64bit: 1, IsPro: 1

COMMAND LINE ARGUMENTS:
C:\Program Files\Unity\Hub\Editor\2021.3.15f1\Editor\Unity.exe
-adb2
-batchMode
-noUpm
-name
AssetImportWorker8
-projectPath
E:/Unity Stuff/Unity Projects/GenesisTask
-logFile
Logs/AssetImportWorker8.log
-srvPort
50157
Successfully changed project path to: E:/Unity Stuff/Unity Projects/GenesisTask
E:/Unity Stuff/Unity Projects/GenesisTask
[UnityMemory] Configuration Parameters - Can be set up in boot.config
    "memorysetup-bucket-allocator-granularity=16"
    "memorysetup-bucket-allocator-bucket-count=8"
    "memorysetup-bucket-allocator-block-size=33554432"
    "memorysetup-bucket-allocator-block-count=8"
    "memorysetup-main-allocator-block-size=16777216"
    "memorysetup-thread-allocator-block-size=16777216"
    "memorysetup-gfx-main-allocator-block-size=16777216"
    "memorysetup-gfx-thread-allocator-block-size=16777216"
    "memorysetup-cache-allocator-block-size=4194304"
    "memorysetup-typetree-allocator-block-size=2097152"
    "memorysetup-profiler-bucket-allocator-granularity=16"
    "memorysetup-profiler-bucket-allocator-bucket-count=8"
    "memorysetup-profiler-bucket-allocator-block-size=33554432"
    "memorysetup-profiler-bucket-allocator-block-count=8"
    "memorysetup-profiler-allocator-block-size=16777216"
    "memorysetup-profiler-editor-allocator-block-size=1048576"
    "memorysetup-temp-allocator-size-main=16777216"
    "memorysetup-job-temp-allocator-block-size=2097152"
    "memorysetup-job-temp-allocator-block-size-background=1048576"
    "memorysetup-job-temp-allocator-reduction-small-platforms=262144"
    "memorysetup-temp-allocator-size-background-worker=32768"
    "memorysetup-temp-allocator-size-job-worker=262144"
    "memorysetup-temp-allocator-size-preload-manager=33554432"
    "memorysetup-temp-allocator-size-nav-mesh-worker=65536"
    "memorysetup-temp-allocator-size-audio-worker=65536"
    "memorysetup-temp-allocator-size-cloud-worker=32768"
    "memorysetup-temp-allocator-size-gi-baking-worker=262144"
    "memorysetup-temp-allocator-size-gfx=262144"
Player connection [27308] Host "[IP] 192.168.1.8 [Port] 0 [Flags] 2 [Guid] 4052073436 [EditorId] 4052073436 [Version] 1048832 [Id] WindowsEditor(7,Hazem) [Debug] 1 [PackageName] WindowsEditor [ProjectName] Editor" joined multi-casting on [225.0.0.222:54997]...

Player connection [27308] Host "[IP] 192.168.1.8 [Port] 0 [Flags] 2 [Guid] 4052073436 [EditorId] 4052073436 [Version] 1048832 [Id] WindowsEditor(7,Hazem) [Debug] 1 [PackageName] WindowsEditor [ProjectName] Editor" joined alternative multi-casting on [225.0.0.222:34997]...

Refreshing native plugins compatible for Editor in 75.31 ms, found 3 plugins.
Preloading 0 native plugins for Editor in 0.00 ms.
Initialize engine version: 2021.3.15f1 (e8e88683f834)
[Subsystems] Discovering subsystems at path C:/Program Files/Unity/Hub/Editor/2021.3.15f1/Editor/Data/Resources/UnitySubsystems
[Subsystems] Discovering subsystems at path E:/Unity Stuff/Unity Projects/GenesisTask/Assets
GfxDevice: creating device client; threaded=0; jobified=0
Direct3D:
    Version:  Direct3D 11.0 [level 11.1]
    Renderer: NVIDIA GeForce RTX 2070 SUPER (ID=0x1e84)
    Vendor:   NVIDIA
    VRAM:     8003 MB
    Driver:   31.0.15.3623
Initialize mono
Mono path[0] = 'C:/Program Files/Unity/Hub/Editor/2021.3.15f1/Editor/Data/Managed'
Mono path[1] = 'C:/Program Files/Unity/Hub/Editor/2021.3.15f1/Editor/Data/MonoBleedingEdge/lib/mono/unityjit-win32'
Mono config path = 'C:/Program Files/Unity/Hub/Editor/2021.3.15f1/Editor/Data/MonoBleedingEdge/etc'
Using monoOptions --debugger-agent=transport=dt_socket,embedding=1,server=y,suspend=n,address=127.0.0.1:56328
Begin MonoManager ReloadAssembly
Registering precompiled unity dll's ...
Register platform support module: C:/Program Files/Unity/Hub/Editor/2021.3.15f1/Editor/Data/PlaybackEngines/AndroidPlayer/UnityEditor.Android.Extensions.dll
Register platform support module: C:/Program Files/Unity/Hub/Editor/2021.3.15f1/Editor/Data/PlaybackEngines/WindowsStandaloneSupport/UnityEditor.WindowsStandalone.Extensions.dll
Registered in 0.009793 seconds.
Native extension for WindowsStandalone target not found
Native extension for Android target not found
Refreshing native plugins compatible for Editor in 74.44 ms, found 3 plugins.
Preloading 0 native plugins for Editor in 0.00 ms.
Mono: successfully reloaded assembly
- Completed reload, in  0.596 seconds
Domain Reload Profiling:
	ReloadAssembly (596ms)
		BeginReloadAssembly (72ms)
			ExecutionOrderSort (0ms)
			DisableScriptedObjects (0ms)
			BackupInstance (0ms)
			ReleaseScriptingObjects (0ms)
			CreateAndSetChildDomain (1ms)
		EndReloadAssembly (418ms)
			LoadAssemblies (70ms)
			RebuildTransferFunctionScriptingTraits (0ms)
			SetupTypeCache (97ms)
			ReleaseScriptCaches (0ms)
			RebuildScriptCaches (23ms)
			SetupLoadedEditorAssemblies (251ms)
				LogAssemblyErrors (0ms)
				InitializePlatformSupportModulesInManaged (52ms)
				SetLoadedEditorAssemblies (0ms)
				RefreshPlugins (75ms)
				BeforeProcessingInitializeOnLoad (1ms)
				ProcessInitializeOnLoadAttributes (85ms)
				ProcessInitializeOnLoadMethodAttributes (38ms)
				AfterProcessingInitializeOnLoad (0ms)
				EditorAssembliesLoaded (0ms)
			ExecutionOrderSort2 (0ms)
			AwakeInstancesAfterBackupRestoration (0ms)
Platform modules already initialized, skipping
Registering precompiled user dll's ...
Registered in 0.004095 seconds.
Begin MonoManager ReloadAssembly
Symbol file LoadedFromMemory doesn't match image E:\Unity Stuff\Unity Projects\GenesisTask\Library\PackageCache\com.unity.visualscripting@1.7.8\Editor\VisualScripting.Core\Dependencies\YamlDotNet\Unity.VisualScripting.YamlDotNet.dll
Symbol file LoadedFromMemory doesn't match image E:\Unity Stuff\Unity Projects\GenesisTask\Library\PackageCache\com.unity.visualscripting@1.7.8\Editor\VisualScripting.Core\Dependencies\DotNetZip\Unity.VisualScripting.IonicZip.dll
Native extension for WindowsStandalone target not found
Native extension for Android target not found
Refreshing native plugins compatible for Editor in 0.76 ms, found 3 plugins.
Preloading 0 native plugins for Editor in 0.00 ms.
Mono: successfully reloaded assembly
- Completed reload, in  1.018 seconds
Domain Reload Profiling:
	ReloadAssembly (1019ms)
		BeginReloadAssembly (208ms)
			ExecutionOrderSort (0ms)
			DisableScriptedObjects (5ms)
			BackupInstance (0ms)
			ReleaseScriptingObjects (0ms)
			CreateAndSetChildDomain (124ms)
		EndReloadAssembly (703ms)
			LoadAssemblies (75ms)
			RebuildTransferFunctionScriptingTraits (0ms)
			SetupTypeCache (229ms)
			ReleaseScriptCaches (1ms)
			RebuildScriptCaches (45ms)
			SetupLoadedEditorAssemblies (325ms)
				LogAssemblyErrors (0ms)
				InitializePlatformSupportModulesInManaged (15ms)
				SetLoadedEditorAssemblies (0ms)
				RefreshPlugins (1ms)
				BeforeProcessingInitializeOnLoad (80ms)
				ProcessInitializeOnLoadAttributes (198ms)
				ProcessInitializeOnLoadMethodAttributes (21ms)
				AfterProcessingInitializeOnLoad (9ms)
				EditorAssembliesLoaded (0ms)
			ExecutionOrderSort2 (0ms)
			AwakeInstancesAfterBackupRestoration (5ms)
Platform modules already initialized, skipping
========================================================================
Worker process is ready to serve import requests
Launched and connected shader compiler UnityShaderCompiler.exe after 0.05 seconds
Refreshing native plugins compatible for Editor in 0.82 ms, found 3 plugins.
Preloading 0 native plugins for Editor in 0.00 ms.
Unloading 3383 Unused Serialized files (Serialized files now loaded: 0)
Unloading 27 unused Assets / (113.6 KB). Loaded Objects now: 3843.
Memory consumption went from 118.2 MB to 118.0 MB.
Total: 3.309300 ms (FindLiveObjects: 0.369300 ms CreateObjectMapping: 0.110000 ms MarkObjects: 2.699100 ms  DeleteObjects: 0.130000 ms)

AssetImportParameters requested are different than current active one (requested -> active):
  custom:video-decoder-ogg-theora: a1e56fd34408186e4bbccfd4996cb3dc -> 
  custom:container-muxer-webm: aa71ff27fc2769a1b78a27578f13a17b -> 
  custom:container-demuxer-webm: 4f35f7cbe854078d1ac9338744f61a02 -> 
  custom:video-encoder-webm-vp8: eb34c28f22e8b96e1ab97ce403110664 -> 
  custom:audio-encoder-webm-vorbis: bf7c407c2cedff20999df2af8eb42d56 -> 
  custom:framework-win-MediaFoundation: 216162199b28c13a410421893ffa2e32 -> 
  custom:container-demuxer-ogg: 62fdf1f143b41e24485cea50d1cbac27 -> 
  custom:video-decoder-webm-vp8: 9c59270c3fd7afecdb556c50c9e8de78 -> 
  custom:audio-decoder-ogg-vorbis: bf7c407c2cedff20999df2af8eb42d56 -> 
========================================================================
Received Import Request.
  Time since last request: 29487.632087 seconds.
  path: Assets/Sprites/UI/avatar.png
  artifactKey: Guid(0337f933b351d5c4ab25e78faeaeb6cc) Importer(815301076,1909f56bfc062723c751e8b465ee728b)
Start importing Assets/Sprites/UI/avatar.png using Guid(0337f933b351d5c4ab25e78faeaeb6cc) Importer(815301076,1909f56bfc062723c751e8b465ee728b)  -> (artifact id: 'aa4b801d4c11731908d37e6bd3530949') in 0.081103 seconds 
========================================================================
Received Import Request.
  Time since last request: 8.091810 seconds.
  path: Assets/Sprites/UI/Rounded Rectangle 1 copy 2.png
  artifactKey: Guid(b077986e0d13a554c84d4bc859b21069) Importer(815301076,1909f56bfc062723c751e8b465ee728b)
Start importing Assets/Sprites/UI/Rounded Rectangle 1 copy 2.png using Guid(b077986e0d13a554c84d4bc859b21069) Importer(815301076,1909f56bfc062723c751e8b465ee728b)  -> (artifact id: 'e9089394d1379bd4029256bee14520b1') in 0.025081 seconds 
========================================================================
Received Import Request.
  Time since last request: 0.006724 seconds.
  path: Assets/Sprites/UI/avatar.png
  artifactKey: Guid(0337f933b351d5c4ab25e78faeaeb6cc) Importer(815301076,1909f56bfc062723c751e8b465ee728b)
Start importing Assets/Sprites/UI/avatar.png using Guid(0337f933b351d5c4ab25e78faeaeb6cc) Importer(815301076,1909f56bfc062723c751e8b465ee728b)  -> (artifact id: '391552a1d809ece0fd2ac20e68add94c') in 0.015123 seconds 
========================================================================
Received Import Request.
  Time since last request: 0.000026 seconds.
  path: Assets/Sprites/UI/Rounded Rectangle 1.png
  artifactKey: Guid(44d8fc51f80998a40a703515e9ce68ca) Importer(815301076,1909f56bfc062723c751e8b465ee728b)
Start importing Assets/Sprites/UI/Rounded Rectangle 1.png using Guid(44d8fc51f80998a40a703515e9ce68ca) Importer(815301076,1909f56bfc062723c751e8b465ee728b)  -> (artifact id: 'acf9429700ef3c9d442301be190247c5') in 0.018346 seconds 
========================================================================
Received Import Request.
  Time since last request: 0.000020 seconds.
  path: Assets/Sprites/UI/Rounded Rectangle 2.png
  artifactKey: Guid(a776beb8528ccda408be96a5b76e6c2d) Importer(815301076,1909f56bfc062723c751e8b465ee728b)
Start importing Assets/Sprites/UI/Rounded Rectangle 2.png using Guid(a776beb8528ccda408be96a5b76e6c2d) Importer(815301076,1909f56bfc062723c751e8b465ee728b)  -> (artifact id: '1b3309a6060681e5cf9d71e5c537c87d') in 0.011615 seconds 
========================================================================
Received Import Request.
  Time since last request: 29.882337 seconds.
  path: Assets/Sprites/UI/close (2).png
  artifactKey: Guid(a84309bfbc1152b41a2aa048469d9499) Importer(815301076,1909f56bfc062723c751e8b465ee728b)
Start importing Assets/Sprites/UI/close (2).png using Guid(a84309bfbc1152b41a2aa048469d9499) Importer(815301076,1909f56bfc062723c751e8b465ee728b)  -> (artifact id: '6ea214583851d44ce888293a7eef9fe1') in 0.018007 seconds 
========================================================================
Received Import Request.
  Time since last request: 7.483936 seconds.
  path: Assets/Sprites/UI/close (2).png
  artifactKey: Guid(a84309bfbc1152b41a2aa048469d9499) Importer(815301076,1909f56bfc062723c751e8b465ee728b)
Start importing Assets/Sprites/UI/close (2).png using Guid(a84309bfbc1152b41a2aa048469d9499) Importer(815301076,1909f56bfc062723c751e8b465ee728b)  -> (artifact id: '74a44fe7e15e5895b51b953e63bd81d4') in 0.011454 seconds 
========================================================================
Received Import Request.
  Time since last request: 10.745903 seconds.
  path: Assets/Sprites/UI/close (2).png
  artifactKey: Guid(a84309bfbc1152b41a2aa048469d9499) Importer(815301076,1909f56bfc062723c751e8b465ee728b)
Start importing Assets/Sprites/UI/close (2).png using Guid(a84309bfbc1152b41a2aa048469d9499) Importer(815301076,1909f56bfc062723c751e8b465ee728b)  -> (artifact id: 'f7d3e0e8c2d3d835d51da11971938489') in 0.061907 seconds 
========================================================================
Received Import Request.
  Time since last request: 12.912814 seconds.
  path: Assets/Sprites/UI/Rounded Rectangle 1 copy 2.png
  artifactKey: Guid(b077986e0d13a554c84d4bc859b21069) Importer(815301076,1909f56bfc062723c751e8b465ee728b)
Start importing Assets/Sprites/UI/Rounded Rectangle 1 copy 2.png using Guid(b077986e0d13a554c84d4bc859b21069) Importer(815301076,1909f56bfc062723c751e8b465ee728b)  -> (artifact id: 'ae8b03704620b19dc769070ff59a78da') in 0.027004 seconds 
========================================================================
Received Import Request.
  Time since last request: 30.188637 seconds.
  path: Assets/Sprites/UI/Rounded Rectangle 2 copy 2.png
  artifactKey: Guid(2aad023dd67617e4c98c1830739cf79c) Importer(815301076,1909f56bfc062723c751e8b465ee728b)
Start importing Assets/Sprites/UI/Rounded Rectangle 2 copy 2.png using Guid(2aad023dd67617e4c98c1830739cf79c) Importer(815301076,1909f56bfc062723c751e8b465ee728b)  -> (artifact id: '674f6e38f376956a17e1016e588d0865') in 0.019489 seconds 
========================================================================
Received Import Request.
  Time since last request: 162.349104 seconds.
  path: Assets/Sprites/UI/Rounded Rectangle 1 copy.png
  artifactKey: Guid(41e208fa6c8207a43814fdfa067a2b6b) Importer(815301076,1909f56bfc062723c751e8b465ee728b)
Start importing Assets/Sprites/UI/Rounded Rectangle 1 copy.png using Guid(41e208fa6c8207a43814fdfa067a2b6b) Importer(815301076,1909f56bfc062723c751e8b465ee728b)  -> (artifact id: '0c57b63e16397869c03fa2d3888525af') in 0.028382 seconds 
========================================================================
Received Import Request.
  Time since last request: 91.991162 seconds.
  path: Assets/Sprites/UI/Rounded Rectangle 3.png
  artifactKey: Guid(ba68811e118e0794da1c27658a801b61) Importer(815301076,1909f56bfc062723c751e8b465ee728b)
Start importing Assets/Sprites/UI/Rounded Rectangle 3.png using Guid(ba68811e118e0794da1c27658a801b61) Importer(815301076,1909f56bfc062723c751e8b465ee728b)  -> (artifact id: 'b56e54e7f1e9218b474f4eb26e9fe7bd') in 0.029836 seconds 
========================================================================
Received Import Request.
  Time since last request: 11.868190 seconds.
  path: Assets/Sprites/UI/bed.png
  artifactKey: Guid(712b3762ebb8d6d4cb0df2c125401617) Importer(815301076,1909f56bfc062723c751e8b465ee728b)
Start importing Assets/Sprites/UI/bed.png using Guid(712b3762ebb8d6d4cb0df2c125401617) Importer(815301076,1909f56bfc062723c751e8b465ee728b)  -> (artifact id: 'a70cd9aeaa79325a1d65f107ecd6fcbd') in 0.026038 seconds 
========================================================================
Received Import Request.
  Time since last request: 14.250135 seconds.
  path: Assets/Sprites/UI/bank.png
  artifactKey: Guid(45605cac68237dc4b8a9ba4867df66b5) Importer(815301076,1909f56bfc062723c751e8b465ee728b)
Start importing Assets/Sprites/UI/bank.png using Guid(45605cac68237dc4b8a9ba4867df66b5) Importer(815301076,1909f56bfc062723c751e8b465ee728b)  -> (artifact id: '2c2b87b8f835e5b39837524c7335cf30') in 0.026160 seconds 
========================================================================
Received Import Request.
  Time since last request: 25.319923 seconds.
  path: Assets/Sprites/UI/avatar.png
  artifactKey: Guid(0337f933b351d5c4ab25e78faeaeb6cc) Importer(815301076,1909f56bfc062723c751e8b465ee728b)
Start importing Assets/Sprites/UI/avatar.png using Guid(0337f933b351d5c4ab25e78faeaeb6cc) Importer(815301076,1909f56bfc062723c751e8b465ee728b)  -> (artifact id: 'bb54c476e7eafd82eefea79ddf79c7a0') in 0.489789 seconds 
========================================================================
Received Import Request.
  Time since last request: 2.981529 seconds.
  path: Assets/Sprites/UI/shopkeeper.png
  artifactKey: Guid(9dc5c15e48df4f74284736e85c1c1b4d) Importer(815301076,1909f56bfc062723c751e8b465ee728b)
Start importing Assets/Sprites/UI/shopkeeper.png using Guid(9dc5c15e48df4f74284736e85c1c1b4d) Importer(815301076,1909f56bfc062723c751e8b465ee728b)  -> (artifact id: '9ac58d29b34fd0fd598410708dc3868a') in 0.022396 seconds 
========================================================================
Received Import Request.
  Time since last request: 93.147272 seconds.
  path: Assets/Sprites/UI/Rounded Rectangle 1.png
  artifactKey: Guid(44d8fc51f80998a40a703515e9ce68ca) Importer(815301076,1909f56bfc062723c751e8b465ee728b)
Start importing Assets/Sprites/UI/Rounded Rectangle 1.png using Guid(44d8fc51f80998a40a703515e9ce68ca) Importer(815301076,1909f56bfc062723c751e8b465ee728b)  -> (artifact id: '9202ec81760d6997d25b427cd07b4a25') in 0.026847 seconds 
========================================================================
Received Import Request.
  Time since last request: 180.200228 seconds.
  path: Assets/Sprites/UI/Rounded Rectangle 2 copy.png
  artifactKey: Guid(075e0d54dbf1bde469eb1cd4cb62bb4c) Importer(815301076,1909f56bfc062723c751e8b465ee728b)
Start importing Assets/Sprites/UI/Rounded Rectangle 2 copy.png using Guid(075e0d54dbf1bde469eb1cd4cb62bb4c) Importer(815301076,1909f56bfc062723c751e8b465ee728b)  -> (artifact id: 'd782310cd8fb6c041a67175e0a3aa006') in 0.019628 seconds 
========================================================================
Received Import Request.
  Time since last request: 1101.814636 seconds.
  path: Assets/TextMesh Pro/Resources/Fonts & Materials/LiberationSans SDF - Fallback.asset
  artifactKey: Guid(2e498d1c8094910479dc3e1b768306a4) Importer(815301076,1909f56bfc062723c751e8b465ee728b)
Start importing Assets/TextMesh Pro/Resources/Fonts & Materials/LiberationSans SDF - Fallback.asset using Guid(2e498d1c8094910479dc3e1b768306a4) Importer(815301076,1909f56bfc062723c751e8b465ee728b)  -> (artifact id: '2bb98f347cf08cbb65e603374bfe6b7a') in 0.055810 seconds 
========================================================================
Received Import Request.
  Time since last request: 375.420758 seconds.
  path: Assets/Fonts/Purple Smile SDF.asset
  artifactKey: Guid(4d63e6468dc83294aac3cc02f295253d) Importer(815301076,1909f56bfc062723c751e8b465ee728b)
Start importing Assets/Fonts/Purple Smile SDF.asset using Guid(4d63e6468dc83294aac3cc02f295253d) Importer(815301076,1909f56bfc062723c751e8b465ee728b)  -> (artifact id: '081a380946f1f1ee9f0bdae8d7f2c34a') in 0.028135 seconds 
========================================================================
Received Prepare
Registering precompiled user dll's ...
Registered in 0.003902 seconds.
Begin MonoManager ReloadAssembly
Symbol file LoadedFromMemory doesn't match image E:\Unity Stuff\Unity Projects\GenesisTask\Library\PackageCache\com.unity.visualscripting@1.7.8\Editor\VisualScripting.Core\Dependencies\YamlDotNet\Unity.VisualScripting.YamlDotNet.dll
Symbol file LoadedFromMemory doesn't match image E:\Unity Stuff\Unity Projects\GenesisTask\Library\PackageCache\com.unity.visualscripting@1.7.8\Editor\VisualScripting.Core\Dependencies\DotNetZip\Unity.VisualScripting.IonicZip.dll
Native extension for WindowsStandalone target not found
Native extension for Android target not found
Refreshing native plugins compatible for Editor in 0.69 ms, found 3 plugins.
Preloading 0 native plugins for Editor in 0.00 ms.
Mono: successfully reloaded assembly
- Completed reload, in  0.877 seconds
Domain Reload Profiling:
	ReloadAssembly (877ms)
		BeginReloadAssembly (139ms)
			ExecutionOrderSort (0ms)
			DisableScriptedObjects (6ms)
			BackupInstance (0ms)
			ReleaseScriptingObjects (0ms)
			CreateAndSetChildDomain (38ms)
		EndReloadAssembly (651ms)
			LoadAssemblies (86ms)
			RebuildTransferFunctionScriptingTraits (0ms)
			SetupTypeCache (226ms)
			ReleaseScriptCaches (1ms)
			RebuildScriptCaches (33ms)
			SetupLoadedEditorAssemblies (286ms)
				LogAssemblyErrors (0ms)
				InitializePlatformSupportModulesInManaged (22ms)
				SetLoadedEditorAssemblies (0ms)
				RefreshPlugins (1ms)
				BeforeProcessingInitializeOnLoad (60ms)
				ProcessInitializeOnLoadAttributes (174ms)
				ProcessInitializeOnLoadMethodAttributes (19ms)
				AfterProcessingInitializeOnLoad (9ms)
				EditorAssembliesLoaded (0ms)
			ExecutionOrderSort2 (0ms)
			AwakeInstancesAfterBackupRestoration (5ms)
Platform modules already initialized, skipping
Refreshing native plugins compatible for Editor in 1.52 ms, found 3 plugins.
Preloading 0 native plugins for Editor in 0.00 ms.
Unloading 3365 Unused Serialized files (Serialized files now loaded: 0)
Unloading 20 unused Assets / (80.2 KB). Loaded Objects now: 3910.
Memory consumption went from 121.5 MB to 121.5 MB.
Total: 2.937500 ms (FindLiveObjects: 0.327600 ms CreateObjectMapping: 0.092700 ms MarkObjects: 2.417300 ms  DeleteObjects: 0.098600 ms)

AssetImportParameters requested are different than current active one (requested -> active):
  custom:video-decoder-ogg-theora: a1e56fd34408186e4bbccfd4996cb3dc -> 
  custom:container-muxer-webm: aa71ff27fc2769a1b78a27578f13a17b -> 
  custom:container-demuxer-webm: 4f35f7cbe854078d1ac9338744f61a02 -> 
  custom:video-encoder-webm-vp8: eb34c28f22e8b96e1ab97ce403110664 -> 
  custom:audio-encoder-webm-vorbis: bf7c407c2cedff20999df2af8eb42d56 -> 
  custom:framework-win-MediaFoundation: 216162199b28c13a410421893ffa2e32 -> 
  custom:container-demuxer-ogg: 62fdf1f143b41e24485cea50d1cbac27 -> 
  custom:video-decoder-webm-vp8: 9c59270c3fd7afecdb556c50c9e8de78 -> 
  custom:audio-decoder-ogg-vorbis: bf7c407c2cedff20999df2af8eb42d56 -> 
========================================================================
Received Prepare
Registering precompiled user dll's ...
Registered in 0.003644 seconds.
Begin MonoManager ReloadAssembly
Symbol file LoadedFromMemory doesn't match image E:\Unity Stuff\Unity Projects\GenesisTask\Library\PackageCache\com.unity.visualscripting@1.7.8\Editor\VisualScripting.Core\Dependencies\YamlDotNet\Unity.VisualScripting.YamlDotNet.dll
Symbol file LoadedFromMemory doesn't match image E:\Unity Stuff\Unity Projects\GenesisTask\Library\PackageCache\com.unity.visualscripting@1.7.8\Editor\VisualScripting.Core\Dependencies\DotNetZip\Unity.VisualScripting.IonicZip.dll
Native extension for WindowsStandalone target not found
Native extension for Android target not found
Refreshing native plugins compatible for Editor in 0.69 ms, found 3 plugins.
Preloading 0 native plugins for Editor in 0.00 ms.
Mono: successfully reloaded assembly
- Completed reload, in  0.860 seconds
Domain Reload Profiling:
	ReloadAssembly (861ms)
		BeginReloadAssembly (131ms)
			ExecutionOrderSort (0ms)
			DisableScriptedObjects (4ms)
			BackupInstance (0ms)
			ReleaseScriptingObjects (0ms)
			CreateAndSetChildDomain (35ms)
		EndReloadAssembly (638ms)
			LoadAssemblies (83ms)
			RebuildTransferFunctionScriptingTraits (0ms)
			SetupTypeCache (222ms)
			ReleaseScriptCaches (1ms)
			RebuildScriptCaches (33ms)
			SetupLoadedEditorAssemblies (280ms)
				LogAssemblyErrors (0ms)
				InitializePlatformSupportModulesInManaged (19ms)
				SetLoadedEditorAssemblies (0ms)
				RefreshPlugins (1ms)
				BeforeProcessingInitializeOnLoad (60ms)
				ProcessInitializeOnLoadAttributes (172ms)
				ProcessInitializeOnLoadMethodAttributes (19ms)
				AfterProcessingInitializeOnLoad (9ms)
				EditorAssembliesLoaded (0ms)
			ExecutionOrderSort2 (0ms)
			AwakeInstancesAfterBackupRestoration (6ms)
Platform modules already initialized, skipping
Refreshing native plugins compatible for Editor in 1.59 ms, found 3 plugins.
Preloading 0 native plugins for Editor in 0.00 ms.
Unloading 3365 Unused Serialized files (Serialized files now loaded: 0)
Unloading 20 unused Assets / (80.1 KB). Loaded Objects now: 3913.
Memory consumption went from 121.5 MB to 121.5 MB.
Total: 2.782200 ms (FindLiveObjects: 0.302400 ms CreateObjectMapping: 0.092300 ms MarkObjects: 2.294800 ms  DeleteObjects: 0.091800 ms)

AssetImportParameters requested are different than current active one (requested -> active):
  custom:video-decoder-ogg-theora: a1e56fd34408186e4bbccfd4996cb3dc -> 
  custom:container-muxer-webm: aa71ff27fc2769a1b78a27578f13a17b -> 
  custom:container-demuxer-webm: 4f35f7cbe854078d1ac9338744f61a02 -> 
  custom:video-encoder-webm-vp8: eb34c28f22e8b96e1ab97ce403110664 -> 
  custom:audio-encoder-webm-vorbis: bf7c407c2cedff20999df2af8eb42d56 -> 
  custom:framework-win-MediaFoundation: 216162199b28c13a410421893ffa2e32 -> 
  custom:container-demuxer-ogg: 62fdf1f143b41e24485cea50d1cbac27 -> 
  custom:video-decoder-webm-vp8: 9c59270c3fd7afecdb556c50c9e8de78 -> 
  custom:audio-decoder-ogg-vorbis: bf7c407c2cedff20999df2af8eb42d56 -> 
========================================================================
Received Prepare
Registering precompiled user dll's ...
Registered in 0.004244 seconds.
Begin MonoManager ReloadAssembly
Symbol file LoadedFromMemory doesn't match image E:\Unity Stuff\Unity Projects\GenesisTask\Library\PackageCache\com.unity.visualscripting@1.7.8\Editor\VisualScripting.Core\Dependencies\YamlDotNet\Unity.VisualScripting.YamlDotNet.dll
Symbol file LoadedFromMemory doesn't match image E:\Unity Stuff\Unity Projects\GenesisTask\Library\PackageCache\com.unity.visualscripting@1.7.8\Editor\VisualScripting.Core\Dependencies\DotNetZip\Unity.VisualScripting.IonicZip.dll
Native extension for WindowsStandalone target not found
Native extension for Android target not found
Refreshing native plugins compatible for Editor in 0.84 ms, found 3 plugins.
Preloading 0 native plugins for Editor in 0.00 ms.
Mono: successfully reloaded assembly
- Completed reload, in  0.895 seconds
Domain Reload Profiling:
	ReloadAssembly (895ms)
		BeginReloadAssembly (123ms)
			ExecutionOrderSort (0ms)
			DisableScriptedObjects (4ms)
			BackupInstance (0ms)
			ReleaseScriptingObjects (0ms)
			CreateAndSetChildDomain (35ms)
		EndReloadAssembly (686ms)
			LoadAssemblies (75ms)
			RebuildTransferFunctionScriptingTraits (0ms)
			SetupTypeCache (243ms)
			ReleaseScriptCaches (1ms)
			RebuildScriptCaches (36ms)
			SetupLoadedEditorAssemblies (302ms)
				LogAssemblyErrors (0ms)
				InitializePlatformSupportModulesInManaged (20ms)
				SetLoadedEditorAssemblies (0ms)
				RefreshPlugins (1ms)
				BeforeProcessingInitializeOnLoad (68ms)
				ProcessInitializeOnLoadAttributes (181ms)
				ProcessInitializeOnLoadMethodAttributes (20ms)
				AfterProcessingInitializeOnLoad (12ms)
				EditorAssembliesLoaded (0ms)
			ExecutionOrderSort2 (0ms)
			AwakeInstancesAfterBackupRestoration (5ms)
Platform modules already initialized, skipping
Refreshing native plugins compatible for Editor in 1.61 ms, found 3 plugins.
Preloading 0 native plugins for Editor in 0.00 ms.
Unloading 3365 Unused Serialized files (Serialized files now loaded: 0)
Unloading 20 unused Assets / (80.2 KB). Loaded Objects now: 3916.
Memory consumption went from 121.6 MB to 121.5 MB.
Total: 2.844200 ms (FindLiveObjects: 0.301900 ms CreateObjectMapping: 0.078300 ms MarkObjects: 2.372500 ms  DeleteObjects: 0.090700 ms)

AssetImportParameters requested are different than current active one (requested -> active):
  custom:video-decoder-ogg-theora: a1e56fd34408186e4bbccfd4996cb3dc -> 
  custom:container-muxer-webm: aa71ff27fc2769a1b78a27578f13a17b -> 
  custom:container-demuxer-webm: 4f35f7cbe854078d1ac9338744f61a02 -> 
  custom:video-encoder-webm-vp8: eb34c28f22e8b96e1ab97ce403110664 -> 
  custom:audio-encoder-webm-vorbis: bf7c407c2cedff20999df2af8eb42d56 -> 
  custom:framework-win-MediaFoundation: 216162199b28c13a410421893ffa2e32 -> 
  custom:container-demuxer-ogg: 62fdf1f143b41e24485cea50d1cbac27 -> 
  custom:video-decoder-webm-vp8: 9c59270c3fd7afecdb556c50c9e8de78 -> 
  custom:audio-decoder-ogg-vorbis: bf7c407c2cedff20999df2af8eb42d56 -> 
========================================================================
Received Prepare
Registering precompiled user dll's ...
Registered in 0.003535 seconds.
Begin MonoManager ReloadAssembly
Symbol file LoadedFromMemory doesn't match image E:\Unity Stuff\Unity Projects\GenesisTask\Library\PackageCache\com.unity.visualscripting@1.7.8\Editor\VisualScripting.Core\Dependencies\YamlDotNet\Unity.VisualScripting.YamlDotNet.dll
Symbol file LoadedFromMemory doesn't match image E:\Unity Stuff\Unity Projects\GenesisTask\Library\PackageCache\com.unity.visualscripting@1.7.8\Editor\VisualScripting.Core\Dependencies\DotNetZip\Unity.VisualScripting.IonicZip.dll
Native extension for WindowsStandalone target not found
Native extension for Android target not found
Refreshing native plugins compatible for Editor in 0.69 ms, found 3 plugins.
Preloading 0 native plugins for Editor in 0.00 ms.
Mono: successfully reloaded assembly
- Completed reload, in  0.873 seconds
Domain Reload Profiling:
	ReloadAssembly (874ms)
		BeginReloadAssembly (129ms)
			ExecutionOrderSort (0ms)
			DisableScriptedObjects (4ms)
			BackupInstance (0ms)
			ReleaseScriptingObjects (0ms)
			CreateAndSetChildDomain (35ms)
		EndReloadAssembly (655ms)
			LoadAssemblies (80ms)
			RebuildTransferFunctionScriptingTraits (0ms)
			SetupTypeCache (227ms)
			ReleaseScriptCaches (1ms)
			RebuildScriptCaches (34ms)
			SetupLoadedEditorAssemblies (288ms)
				LogAssemblyErrors (0ms)
				InitializePlatformSupportModulesInManaged (19ms)
				SetLoadedEditorAssemblies (0ms)
				RefreshPlugins (1ms)
				BeforeProcessingInitializeOnLoad (59ms)
				ProcessInitializeOnLoadAttributes (179ms)
				ProcessInitializeOnLoadMethodAttributes (19ms)
				AfterProcessingInitializeOnLoad (10ms)
				EditorAssembliesLoaded (0ms)
			ExecutionOrderSort2 (0ms)
			AwakeInstancesAfterBackupRestoration (5ms)
Platform modules already initialized, skipping
Refreshing native plugins compatible for Editor in 1.53 ms, found 3 plugins.
Preloading 0 native plugins for Editor in 0.00 ms.
Unloading 3365 Unused Serialized files (Serialized files now loaded: 0)
Unloading 20 unused Assets / (80.2 KB). Loaded Objects now: 3919.
Memory consumption went from 121.6 MB to 121.5 MB.
Total: 3.209500 ms (FindLiveObjects: 0.347500 ms CreateObjectMapping: 0.082000 ms MarkObjects: 2.682400 ms  DeleteObjects: 0.096700 ms)

AssetImportParameters requested are different than current active one (requested -> active):
  custom:video-decoder-ogg-theora: a1e56fd34408186e4bbccfd4996cb3dc -> 
  custom:container-muxer-webm: aa71ff27fc2769a1b78a27578f13a17b -> 
  custom:container-demuxer-webm: 4f35f7cbe854078d1ac9338744f61a02 -> 
  custom:video-encoder-webm-vp8: eb34c28f22e8b96e1ab97ce403110664 -> 
  custom:audio-encoder-webm-vorbis: bf7c407c2cedff20999df2af8eb42d56 -> 
  custom:framework-win-MediaFoundation: 216162199b28c13a410421893ffa2e32 -> 
  custom:container-demuxer-ogg: 62fdf1f143b41e24485cea50d1cbac27 -> 
  custom:video-decoder-webm-vp8: 9c59270c3fd7afecdb556c50c9e8de78 -> 
  custom:audio-decoder-ogg-vorbis: bf7c407c2cedff20999df2af8eb42d56 -> 
========================================================================
Received Import Request.
  Time since last request: 325.491416 seconds.
  path: Assets/Resources/Items/Item 5.asset
  artifactKey: Guid(a88576e1bdc4e5742ab45fb84c52aad1) Importer(815301076,1909f56bfc062723c751e8b465ee728b)
Start importing Assets/Resources/Items/Item 5.asset using Guid(a88576e1bdc4e5742ab45fb84c52aad1) Importer(815301076,1909f56bfc062723c751e8b465ee728b)  -> (artifact id: 'f1435ccde4a556871d7db9841bbcd641') in 0.023234 seconds 
========================================================================
Received Import Request.
  Time since last request: 0.456790 seconds.
  path: Assets/Resources/Items/Item 6.asset
  artifactKey: Guid(0a96c31236cb3ba47a7db627148e4a1c) Importer(815301076,1909f56bfc062723c751e8b465ee728b)
Start importing Assets/Resources/Items/Item 6.asset using Guid(0a96c31236cb3ba47a7db627148e4a1c) Importer(815301076,1909f56bfc062723c751e8b465ee728b)  -> (artifact id: '0b850a781150c9b7c26efda6461207e0') in 0.007099 seconds 
========================================================================
Received Import Request.
  Time since last request: 0.222315 seconds.
  path: Assets/Resources/Items/Item 7.asset
  artifactKey: Guid(60ffde3cd8e40864db509229103190a2) Importer(815301076,1909f56bfc062723c751e8b465ee728b)
Start importing Assets/Resources/Items/Item 7.asset using Guid(60ffde3cd8e40864db509229103190a2) Importer(815301076,1909f56bfc062723c751e8b465ee728b)  -> (artifact id: 'a87c615280f89913572e8964543e1a52') in 0.006665 seconds 
========================================================================
Received Import Request.
  Time since last request: 0.229380 seconds.
  path: Assets/Resources/Items/Item 8.asset
  artifactKey: Guid(853d68479c3d5c241b380c0c345d538c) Importer(815301076,1909f56bfc062723c751e8b465ee728b)
Start importing Assets/Resources/Items/Item 8.asset using Guid(853d68479c3d5c241b380c0c345d538c) Importer(815301076,1909f56bfc062723c751e8b465ee728b)  -> (artifact id: 'b958590cecd3593c146c939b8657a13b') in 0.007072 seconds 
========================================================================
Received Import Request.
  Time since last request: 0.210608 seconds.
  path: Assets/Resources/Items/Item 9.asset
  artifactKey: Guid(e318a1385a0d01f4d9b057d752e1bd15) Importer(815301076,1909f56bfc062723c751e8b465ee728b)
Start importing Assets/Resources/Items/Item 9.asset using Guid(e318a1385a0d01f4d9b057d752e1bd15) Importer(815301076,1909f56bfc062723c751e8b465ee728b)  -> (artifact id: 'c1ccc91175aae0ec3c8b727d38383e59') in 0.006410 seconds 
========================================================================
Received Import Request.
  Time since last request: 0.224870 seconds.
  path: Assets/Resources/Items/Item 10.asset
  artifactKey: Guid(b5bf1926a8f6023418b4968ef05b114c) Importer(815301076,1909f56bfc062723c751e8b465ee728b)
Start importing Assets/Resources/Items/Item 10.asset using Guid(b5bf1926a8f6023418b4968ef05b114c) Importer(815301076,1909f56bfc062723c751e8b465ee728b)  -> (artifact id: '7f57b612ba055de95414c8cfc6e45914') in 0.007412 seconds 
========================================================================
Received Import Request.
  Time since last request: 0.247070 seconds.
  path: Assets/Resources/Items/Item 11.asset
  artifactKey: Guid(2cdc30a73d24cb144954db22986fcbbb) Importer(815301076,1909f56bfc062723c751e8b465ee728b)
Start importing Assets/Resources/Items/Item 11.asset using Guid(2cdc30a73d24cb144954db22986fcbbb) Importer(815301076,1909f56bfc062723c751e8b465ee728b)  -> (artifact id: 'd08e52c739ec258e2f67fa7de586df83') in 0.006988 seconds 
========================================================================
Received Import Request.
  Time since last request: 0.307996 seconds.
  path: Assets/Resources/Items/Item 12.asset
  artifactKey: Guid(76162f3c3cedfbd45bd84b1138a82c76) Importer(815301076,1909f56bfc062723c751e8b465ee728b)
Start importing Assets/Resources/Items/Item 12.asset using Guid(76162f3c3cedfbd45bd84b1138a82c76) Importer(815301076,1909f56bfc062723c751e8b465ee728b)  -> (artifact id: '82943f7f4c6b06545788f9ee1250d353') in 0.006855 seconds 
========================================================================
Received Import Request.
  Time since last request: 0.300952 seconds.
  path: Assets/Resources/Items/Item 13.asset
  artifactKey: Guid(199f0173476dcba49a35e9f9e62cd7a3) Importer(815301076,1909f56bfc062723c751e8b465ee728b)
Start importing Assets/Resources/Items/Item 13.asset using Guid(199f0173476dcba49a35e9f9e62cd7a3) Importer(815301076,1909f56bfc062723c751e8b465ee728b)  -> (artifact id: '583b84feb17d5a0ce88797a8cc2f71f2') in 0.006303 seconds 
========================================================================
Received Import Request.
  Time since last request: 0.358703 seconds.
  path: Assets/Resources/Items/Item 14.asset
  artifactKey: Guid(1bf45256eb6965245b7ee907c5753ae9) Importer(815301076,1909f56bfc062723c751e8b465ee728b)
Start importing Assets/Resources/Items/Item 14.asset using Guid(1bf45256eb6965245b7ee907c5753ae9) Importer(815301076,1909f56bfc062723c751e8b465ee728b)  -> (artifact id: '7a9b0920a38f5b7b5dfc63e1be0b6186') in 0.006420 seconds 
========================================================================
Received Import Request.
  Time since last request: 0.508190 seconds.
  path: Assets/Resources/Items/Item 15.asset
  artifactKey: Guid(3cd8c92b0d14b504db94ecb25250bbf1) Importer(815301076,1909f56bfc062723c751e8b465ee728b)
Start importing Assets/Resources/Items/Item 15.asset using Guid(3cd8c92b0d14b504db94ecb25250bbf1) Importer(815301076,1909f56bfc062723c751e8b465ee728b)  -> (artifact id: '05976fa30d9acf9380c480101335488e') in 0.006565 seconds 
========================================================================
Received Import Request.
  Time since last request: 0.468954 seconds.
  path: Assets/Resources/Items/Item 16.asset
  artifactKey: Guid(1f9690dff424e1c48a3232d18b53ae03) Importer(815301076,1909f56bfc062723c751e8b465ee728b)
Start importing Assets/Resources/Items/Item 16.asset using Guid(1f9690dff424e1c48a3232d18b53ae03) Importer(815301076,1909f56bfc062723c751e8b465ee728b)  -> (artifact id: '0c5dcb4bbe51a59646532fe73f8d69bc') in 0.006921 seconds 
========================================================================
Received Import Request.
  Time since last request: 0.212241 seconds.
  path: Assets/Resources/Items/Item 17.asset
  artifactKey: Guid(a7e11c71a821c2544ae4007a98fc06fc) Importer(815301076,1909f56bfc062723c751e8b465ee728b)
Start importing Assets/Resources/Items/Item 17.asset using Guid(a7e11c71a821c2544ae4007a98fc06fc) Importer(815301076,1909f56bfc062723c751e8b465ee728b)  -> (artifact id: 'f29e7bec5ea672ad6a01fd2f393eebb9') in 0.006580 seconds 
========================================================================
Received Import Request.
  Time since last request: 0.582374 seconds.
  path: Assets/Resources/Items/Item 18.asset
  artifactKey: Guid(30e3371ec71c52544bed3e4530939c6a) Importer(815301076,1909f56bfc062723c751e8b465ee728b)
Start importing Assets/Resources/Items/Item 18.asset using Guid(30e3371ec71c52544bed3e4530939c6a) Importer(815301076,1909f56bfc062723c751e8b465ee728b)  -> (artifact id: '5f5fc51faea434f6280ce6e8dd206acf') in 0.005861 seconds 
========================================================================
Received Import Request.
  Time since last request: 0.581317 seconds.
  path: Assets/Resources/Items/Item 19.asset
  artifactKey: Guid(77d4c79d2ff4ee647b3a1935f818fde6) Importer(815301076,1909f56bfc062723c751e8b465ee728b)
Start importing Assets/Resources/Items/Item 19.asset using Guid(77d4c79d2ff4ee647b3a1935f818fde6) Importer(815301076,1909f56bfc062723c751e8b465ee728b)  -> (artifact id: '3910602db7f4c5a67e4c46603ef3a830') in 0.006625 seconds 
========================================================================
Received Import Request.
  Time since last request: 290.264651 seconds.
  path: Assets/Resources/Items/Item 19.asset
  artifactKey: Guid(77d4c79d2ff4ee647b3a1935f818fde6) Importer(815301076,1909f56bfc062723c751e8b465ee728b)
Start importing Assets/Resources/Items/Item 19.asset using Guid(77d4c79d2ff4ee647b3a1935f818fde6) Importer(815301076,1909f56bfc062723c751e8b465ee728b)  -> (artifact id: 'e848b38fa08e929550fc9b101e5129ba') in 0.003479 seconds 
========================================================================
Received Import Request.
  Time since last request: 0.002206 seconds.
  path: Assets/Resources/Items/Item 1.asset
  artifactKey: Guid(a49a2701012a0814bb59d7c2f6da2305) Importer(815301076,1909f56bfc062723c751e8b465ee728b)
Start importing Assets/Resources/Items/Item 1.asset using Guid(a49a2701012a0814bb59d7c2f6da2305) Importer(815301076,1909f56bfc062723c751e8b465ee728b)  -> (artifact id: '37aeed36ad479cae9bc032ac9869a9c3') in 0.009099 seconds 
========================================================================
Received Import Request.
  Time since last request: 0.003833 seconds.
  path: Assets/Resources/Items/Item 3.asset
  artifactKey: Guid(14ee51a40ffb0cb4fb6a77aa9e5f2b38) Importer(815301076,1909f56bfc062723c751e8b465ee728b)
Start importing Assets/Resources/Items/Item 3.asset using Guid(14ee51a40ffb0cb4fb6a77aa9e5f2b38) Importer(815301076,1909f56bfc062723c751e8b465ee728b)  -> (artifact id: 'a5c4aa69358a9167de9e5d45304089a6') in 0.002575 seconds 
========================================================================
Received Import Request.
  Time since last request: 0.000029 seconds.
  path: Assets/Resources/Items/Item 5.asset
  artifactKey: Guid(a88576e1bdc4e5742ab45fb84c52aad1) Importer(815301076,1909f56bfc062723c751e8b465ee728b)
Start importing Assets/Resources/Items/Item 5.asset using Guid(a88576e1bdc4e5742ab45fb84c52aad1) Importer(815301076,1909f56bfc062723c751e8b465ee728b)  -> (artifact id: '7154075d243711b7ee2ef39021ef6e3e') in 0.002281 seconds 
========================================================================
Received Import Request.
  Time since last request: 0.000031 seconds.
  path: Assets/Resources/Items/Item 8.asset
  artifactKey: Guid(853d68479c3d5c241b380c0c345d538c) Importer(815301076,1909f56bfc062723c751e8b465ee728b)
Start importing Assets/Resources/Items/Item 8.asset using Guid(853d68479c3d5c241b380c0c345d538c) Importer(815301076,1909f56bfc062723c751e8b465ee728b)  -> (artifact id: '91d9d8fbb2f82cea710e0a81e804ee73') in 0.002467 seconds 
========================================================================
Received Import Request.
  Time since last request: 0.000031 seconds.
  path: Assets/Resources/Items/Item 15.asset
  artifactKey: Guid(3cd8c92b0d14b504db94ecb25250bbf1) Importer(815301076,1909f56bfc062723c751e8b465ee728b)
Start importing Assets/Resources/Items/Item 15.asset using Guid(3cd8c92b0d14b504db94ecb25250bbf1) Importer(815301076,1909f56bfc062723c751e8b465ee728b)  -> (artifact id: '24516eea2cf80f953cce6a2e1f2cce67') in 0.002537 seconds 
========================================================================
Received Import Request.
  Time since last request: 0.000034 seconds.
  path: Assets/Resources/Items/Item 18.asset
  artifactKey: Guid(30e3371ec71c52544bed3e4530939c6a) Importer(815301076,1909f56bfc062723c751e8b465ee728b)
Start importing Assets/Resources/Items/Item 18.asset using Guid(30e3371ec71c52544bed3e4530939c6a) Importer(815301076,1909f56bfc062723c751e8b465ee728b)  -> (artifact id: 'a3b388737d3cc7cada3f41da64abd1ad') in 0.002833 seconds 
========================================================================
Received Import Request.
  Time since last request: 0.000029 seconds.
  path: Assets/Resources/Items/Item 9.asset
  artifactKey: Guid(e318a1385a0d01f4d9b057d752e1bd15) Importer(815301076,1909f56bfc062723c751e8b465ee728b)
Start importing Assets/Resources/Items/Item 9.asset using Guid(e318a1385a0d01f4d9b057d752e1bd15) Importer(815301076,1909f56bfc062723c751e8b465ee728b)  -> (artifact id: '79234513e5157d9a1ce43b30497d4242') in 0.002612 seconds 
========================================================================
Received Import Request.
  Time since last request: 0.000018 seconds.
  path: Assets/Resources/Items/Item 17.asset
  artifactKey: Guid(a7e11c71a821c2544ae4007a98fc06fc) Importer(815301076,1909f56bfc062723c751e8b465ee728b)
Start importing Assets/Resources/Items/Item 17.asset using Guid(a7e11c71a821c2544ae4007a98fc06fc) Importer(815301076,1909f56bfc062723c751e8b465ee728b)  -> (artifact id: '6d4a0f1f112b847d95fc95e2db67924b') in 0.002236 seconds 
========================================================================
Received Import Request.
  Time since last request: 0.000022 seconds.
  path: Assets/Resources/Items/Item 6.asset
  artifactKey: Guid(0a96c31236cb3ba47a7db627148e4a1c) Importer(815301076,1909f56bfc062723c751e8b465ee728b)
Start importing Assets/Resources/Items/Item 6.asset using Guid(0a96c31236cb3ba47a7db627148e4a1c) Importer(815301076,1909f56bfc062723c751e8b465ee728b)  -> (artifact id: '2abe9cd6bcd7c4b60f658a0199291675') in 0.002040 seconds 
========================================================================
Received Import Request.
  Time since last request: 0.000016 seconds.
  path: Assets/Resources/Items/Item 16.asset
  artifactKey: Guid(1f9690dff424e1c48a3232d18b53ae03) Importer(815301076,1909f56bfc062723c751e8b465ee728b)
Start importing Assets/Resources/Items/Item 16.asset using Guid(1f9690dff424e1c48a3232d18b53ae03) Importer(815301076,1909f56bfc062723c751e8b465ee728b)  -> (artifact id: 'e8b82a3b46e6636fb57ab9e68279f16d') in 0.002153 seconds 
========================================================================
Received Prepare
Registering precompiled user dll's ...
Registered in 0.004010 seconds.
Begin MonoManager ReloadAssembly
Symbol file LoadedFromMemory doesn't match image E:\Unity Stuff\Unity Projects\GenesisTask\Library\PackageCache\com.unity.visualscripting@1.7.8\Editor\VisualScripting.Core\Dependencies\YamlDotNet\Unity.VisualScripting.YamlDotNet.dll
Symbol file LoadedFromMemory doesn't match image E:\Unity Stuff\Unity Projects\GenesisTask\Library\PackageCache\com.unity.visualscripting@1.7.8\Editor\VisualScripting.Core\Dependencies\DotNetZip\Unity.VisualScripting.IonicZip.dll
Native extension for WindowsStandalone target not found
Native extension for Android target not found
Refreshing native plugins compatible for Editor in 0.98 ms, found 3 plugins.
Preloading 0 native plugins for Editor in 0.00 ms.
Mono: successfully reloaded assembly
- Completed reload, in  0.977 seconds
Domain Reload Profiling:
	ReloadAssembly (978ms)
		BeginReloadAssembly (141ms)
			ExecutionOrderSort (0ms)
			DisableScriptedObjects (6ms)
			BackupInstance (0ms)
			ReleaseScriptingObjects (0ms)
			CreateAndSetChildDomain (40ms)
		EndReloadAssembly (732ms)
			LoadAssemblies (89ms)
			RebuildTransferFunctionScriptingTraits (0ms)
			SetupTypeCache (250ms)
			ReleaseScriptCaches (1ms)
			RebuildScriptCaches (46ms)
			SetupLoadedEditorAssemblies (309ms)
				LogAssemblyErrors (0ms)
				InitializePlatformSupportModulesInManaged (22ms)
				SetLoadedEditorAssemblies (0ms)
				RefreshPlugins (1ms)
				BeforeProcessingInitializeOnLoad (65ms)
				ProcessInitializeOnLoadAttributes (187ms)
				ProcessInitializeOnLoadMethodAttributes (24ms)
				AfterProcessingInitializeOnLoad (10ms)
				EditorAssembliesLoaded (0ms)
			ExecutionOrderSort2 (0ms)
			AwakeInstancesAfterBackupRestoration (5ms)
Platform modules already initialized, skipping
Refreshing native plugins compatible for Editor in 1.77 ms, found 3 plugins.
Preloading 0 native plugins for Editor in 0.00 ms.
Unloading 3365 Unused Serialized files (Serialized files now loaded: 0)
Unloading 20 unused Assets / (80.2 KB). Loaded Objects now: 3922.
Memory consumption went from 121.6 MB to 121.5 MB.
Total: 2.985900 ms (FindLiveObjects: 0.309800 ms CreateObjectMapping: 0.082300 ms MarkObjects: 2.490100 ms  DeleteObjects: 0.102700 ms)

AssetImportParameters requested are different than current active one (requested -> active):
  custom:video-decoder-ogg-theora: a1e56fd34408186e4bbccfd4996cb3dc -> 
  custom:container-muxer-webm: aa71ff27fc2769a1b78a27578f13a17b -> 
  custom:container-demuxer-webm: 4f35f7cbe854078d1ac9338744f61a02 -> 
  custom:video-encoder-webm-vp8: eb34c28f22e8b96e1ab97ce403110664 -> 
  custom:audio-encoder-webm-vorbis: bf7c407c2cedff20999df2af8eb42d56 -> 
  custom:framework-win-MediaFoundation: 216162199b28c13a410421893ffa2e32 -> 
  custom:container-demuxer-ogg: 62fdf1f143b41e24485cea50d1cbac27 -> 
  custom:video-decoder-webm-vp8: 9c59270c3fd7afecdb556c50c9e8de78 -> 
  custom:audio-decoder-ogg-vorbis: bf7c407c2cedff20999df2af8eb42d56 -> 
Editor requested this worker to shutdown with reason: Scaling down because of idle timeout
AssetImportWorker is now disconnected from the server
Process exiting
Exiting without the bug reporter. Application will terminate with return code 0