Using pre-set license
Built from '2021.3/staging' branch; Version is '2021.3.15f1 (e8e88683f834) revision 15263878'; Using compiler version '192829333'; Build Type 'Release'
OS: 'Windows 10  (10.0.19045) 64bit Professional' Language: 'en' Physical Memory: 32717 MB
BatchMode: 1, IsHumanControllingUs: 0, StartBugReporterOnCrash: 0, Is64bit: 1, IsPro: 1

COMMAND LINE ARGUMENTS:
C:\Program Files\Unity\Hub\Editor\2021.3.15f1\Editor\Unity.exe
-adb2
-batchMode
-noUpm
-name
AssetImportWorker6
-projectPath
E:/Unity Stuff/Unity Projects/GenesisTask
-logFile
Logs/AssetImportWorker6.log
-srvPort
50157
Successfully changed project path to: E:/Unity Stuff/Unity Projects/GenesisTask
E:/Unity Stuff/Unity Projects/GenesisTask
[UnityMemory] Configuration Parameters - Can be set up in boot.config
    "memorysetup-bucket-allocator-granularity=16"
    "memorysetup-bucket-allocator-bucket-count=8"
    "memorysetup-bucket-allocator-block-size=33554432"
    "memorysetup-bucket-allocator-block-count=8"
    "memorysetup-main-allocator-block-size=16777216"
    "memorysetup-thread-allocator-block-size=16777216"
    "memorysetup-gfx-main-allocator-block-size=16777216"
    "memorysetup-gfx-thread-allocator-block-size=16777216"
    "memorysetup-cache-allocator-block-size=4194304"
    "memorysetup-typetree-allocator-block-size=2097152"
    "memorysetup-profiler-bucket-allocator-granularity=16"
    "memorysetup-profiler-bucket-allocator-bucket-count=8"
    "memorysetup-profiler-bucket-allocator-block-size=33554432"
    "memorysetup-profiler-bucket-allocator-block-count=8"
    "memorysetup-profiler-allocator-block-size=16777216"
    "memorysetup-profiler-editor-allocator-block-size=1048576"
    "memorysetup-temp-allocator-size-main=16777216"
    "memorysetup-job-temp-allocator-block-size=2097152"
    "memorysetup-job-temp-allocator-block-size-background=1048576"
    "memorysetup-job-temp-allocator-reduction-small-platforms=262144"
    "memorysetup-temp-allocator-size-background-worker=32768"
    "memorysetup-temp-allocator-size-job-worker=262144"
    "memorysetup-temp-allocator-size-preload-manager=33554432"
    "memorysetup-temp-allocator-size-nav-mesh-worker=65536"
    "memorysetup-temp-allocator-size-audio-worker=65536"
    "memorysetup-temp-allocator-size-cloud-worker=32768"
    "memorysetup-temp-allocator-size-gi-baking-worker=262144"
    "memorysetup-temp-allocator-size-gfx=262144"
Player connection [7112] Host "[IP] 192.168.1.8 [Port] 0 [Flags] 2 [Guid] 875950706 [EditorId] 875950706 [Version] 1048832 [Id] WindowsEditor(7,Hazem) [Debug] 1 [PackageName] WindowsEditor [ProjectName] Editor" joined multi-casting on [225.0.0.222:54997]...

Player connection [7112] Host "[IP] 192.168.1.8 [Port] 0 [Flags] 2 [Guid] 875950706 [EditorId] 875950706 [Version] 1048832 [Id] WindowsEditor(7,Hazem) [Debug] 1 [PackageName] WindowsEditor [ProjectName] Editor" joined alternative multi-casting on [225.0.0.222:34997]...

Refreshing native plugins compatible for Editor in 78.05 ms, found 3 plugins.
Preloading 0 native plugins for Editor in 0.00 ms.
Initialize engine version: 2021.3.15f1 (e8e88683f834)
[Subsystems] Discovering subsystems at path C:/Program Files/Unity/Hub/Editor/2021.3.15f1/Editor/Data/Resources/UnitySubsystems
[Subsystems] Discovering subsystems at path E:/Unity Stuff/Unity Projects/GenesisTask/Assets
GfxDevice: creating device client; threaded=0; jobified=0
Direct3D:
    Version:  Direct3D 11.0 [level 11.1]
    Renderer: NVIDIA GeForce RTX 2070 SUPER (ID=0x1e84)
    Vendor:   NVIDIA
    VRAM:     8003 MB
    Driver:   31.0.15.3623
Initialize mono
Mono path[0] = 'C:/Program Files/Unity/Hub/Editor/2021.3.15f1/Editor/Data/Managed'
Mono path[1] = 'C:/Program Files/Unity/Hub/Editor/2021.3.15f1/Editor/Data/MonoBleedingEdge/lib/mono/unityjit-win32'
Mono config path = 'C:/Program Files/Unity/Hub/Editor/2021.3.15f1/Editor/Data/MonoBleedingEdge/etc'
Using monoOptions --debugger-agent=transport=dt_socket,embedding=1,server=y,suspend=n,address=127.0.0.1:56352
Begin MonoManager ReloadAssembly
Registering precompiled unity dll's ...
Register platform support module: C:/Program Files/Unity/Hub/Editor/2021.3.15f1/Editor/Data/PlaybackEngines/AndroidPlayer/UnityEditor.Android.Extensions.dll
Register platform support module: C:/Program Files/Unity/Hub/Editor/2021.3.15f1/Editor/Data/PlaybackEngines/WindowsStandaloneSupport/UnityEditor.WindowsStandalone.Extensions.dll
Registered in 0.009196 seconds.
Native extension for WindowsStandalone target not found
Native extension for Android target not found
Refreshing native plugins compatible for Editor in 71.07 ms, found 3 plugins.
Preloading 0 native plugins for Editor in 0.00 ms.
Mono: successfully reloaded assembly
- Completed reload, in  0.586 seconds
Domain Reload Profiling:
	ReloadAssembly (586ms)
		BeginReloadAssembly (69ms)
			ExecutionOrderSort (0ms)
			DisableScriptedObjects (0ms)
			BackupInstance (0ms)
			ReleaseScriptingObjects (0ms)
			CreateAndSetChildDomain (1ms)
		EndReloadAssembly (408ms)
			LoadAssemblies (67ms)
			RebuildTransferFunctionScriptingTraits (0ms)
			SetupTypeCache (99ms)
			ReleaseScriptCaches (0ms)
			RebuildScriptCaches (23ms)
			SetupLoadedEditorAssemblies (242ms)
				LogAssemblyErrors (0ms)
				InitializePlatformSupportModulesInManaged (48ms)
				SetLoadedEditorAssemblies (0ms)
				RefreshPlugins (71ms)
				BeforeProcessingInitializeOnLoad (1ms)
				ProcessInitializeOnLoadAttributes (82ms)
				ProcessInitializeOnLoadMethodAttributes (39ms)
				AfterProcessingInitializeOnLoad (0ms)
				EditorAssembliesLoaded (0ms)
			ExecutionOrderSort2 (0ms)
			AwakeInstancesAfterBackupRestoration (0ms)
Platform modules already initialized, skipping
Registering precompiled user dll's ...
Registered in 0.003876 seconds.
Begin MonoManager ReloadAssembly
Symbol file LoadedFromMemory doesn't match image E:\Unity Stuff\Unity Projects\GenesisTask\Library\PackageCache\com.unity.visualscripting@1.7.8\Editor\VisualScripting.Core\Dependencies\YamlDotNet\Unity.VisualScripting.YamlDotNet.dll
Symbol file LoadedFromMemory doesn't match image E:\Unity Stuff\Unity Projects\GenesisTask\Library\PackageCache\com.unity.visualscripting@1.7.8\Editor\VisualScripting.Core\Dependencies\DotNetZip\Unity.VisualScripting.IonicZip.dll
Native extension for WindowsStandalone target not found
Native extension for Android target not found
Refreshing native plugins compatible for Editor in 0.66 ms, found 3 plugins.
Preloading 0 native plugins for Editor in 0.00 ms.
Mono: successfully reloaded assembly
- Completed reload, in  1.046 seconds
Domain Reload Profiling:
	ReloadAssembly (1047ms)
		BeginReloadAssembly (208ms)
			ExecutionOrderSort (0ms)
			DisableScriptedObjects (5ms)
			BackupInstance (0ms)
			ReleaseScriptingObjects (0ms)
			CreateAndSetChildDomain (123ms)
		EndReloadAssembly (729ms)
			LoadAssemblies (81ms)
			RebuildTransferFunctionScriptingTraits (0ms)
			SetupTypeCache (247ms)
			ReleaseScriptCaches (1ms)
			RebuildScriptCaches (44ms)
			SetupLoadedEditorAssemblies (327ms)
				LogAssemblyErrors (0ms)
				InitializePlatformSupportModulesInManaged (15ms)
				SetLoadedEditorAssemblies (0ms)
				RefreshPlugins (1ms)
				BeforeProcessingInitializeOnLoad (79ms)
				ProcessInitializeOnLoadAttributes (200ms)
				ProcessInitializeOnLoadMethodAttributes (21ms)
				AfterProcessingInitializeOnLoad (12ms)
				EditorAssembliesLoaded (0ms)
			ExecutionOrderSort2 (0ms)
			AwakeInstancesAfterBackupRestoration (6ms)
Platform modules already initialized, skipping
========================================================================
Worker process is ready to serve import requests
Launched and connected shader compiler UnityShaderCompiler.exe after 0.05 seconds
Refreshing native plugins compatible for Editor in 0.69 ms, found 3 plugins.
Preloading 0 native plugins for Editor in 0.00 ms.
Unloading 3383 Unused Serialized files (Serialized files now loaded: 0)
Unloading 27 unused Assets / (113.6 KB). Loaded Objects now: 3843.
Memory consumption went from 118.2 MB to 118.0 MB.
Total: 3.231600 ms (FindLiveObjects: 0.310300 ms CreateObjectMapping: 0.105800 ms MarkObjects: 2.666200 ms  DeleteObjects: 0.147700 ms)

AssetImportParameters requested are different than current active one (requested -> active):
  custom:video-decoder-ogg-theora: a1e56fd34408186e4bbccfd4996cb3dc -> 
  custom:container-muxer-webm: aa71ff27fc2769a1b78a27578f13a17b -> 
  custom:container-demuxer-webm: 4f35f7cbe854078d1ac9338744f61a02 -> 
  custom:video-encoder-webm-vp8: eb34c28f22e8b96e1ab97ce403110664 -> 
  custom:audio-encoder-webm-vorbis: bf7c407c2cedff20999df2af8eb42d56 -> 
  custom:framework-win-MediaFoundation: 216162199b28c13a410421893ffa2e32 -> 
  custom:container-demuxer-ogg: 62fdf1f143b41e24485cea50d1cbac27 -> 
  custom:video-decoder-webm-vp8: 9c59270c3fd7afecdb556c50c9e8de78 -> 
  custom:audio-decoder-ogg-vorbis: bf7c407c2cedff20999df2af8eb42d56 -> 
========================================================================
Received Import Request.
  Time since last request: 28630.019492 seconds.
  path: Assets/Sprites/ShopIcons/Layer 2.png
  artifactKey: Guid(d72176b6b9bab4a4a8d7214d04dcefcc) Importer(815301076,1909f56bfc062723c751e8b465ee728b)
Start importing Assets/Sprites/ShopIcons/Layer 2.png using Guid(d72176b6b9bab4a4a8d7214d04dcefcc) Importer(815301076,1909f56bfc062723c751e8b465ee728b)  -> (artifact id: '3fdcbc2bb789b2ea11d76f3dfaa355e0') in 0.122436 seconds 
========================================================================
Received Import Request.
  Time since last request: 0.000028 seconds.
  path: Assets/Sprites/ShopIcons/Layer 8.png
  artifactKey: Guid(c59cf984fbf246c409c9c32f07cc9ced) Importer(815301076,1909f56bfc062723c751e8b465ee728b)
Start importing Assets/Sprites/ShopIcons/Layer 8.png using Guid(c59cf984fbf246c409c9c32f07cc9ced) Importer(815301076,1909f56bfc062723c751e8b465ee728b)  -> (artifact id: 'f2cdd18b90e9cd96e65a8bd34e4ad519') in 0.031192 seconds 
========================================================================
Received Import Request.
  Time since last request: 0.000033 seconds.
  path: Assets/Sprites/ShopIcons/Layer 17.png
  artifactKey: Guid(37bf2c09f6da0394783916cd69212688) Importer(815301076,1909f56bfc062723c751e8b465ee728b)
Start importing Assets/Sprites/ShopIcons/Layer 17.png using Guid(37bf2c09f6da0394783916cd69212688) Importer(815301076,1909f56bfc062723c751e8b465ee728b)  -> (artifact id: '601bb1902938eebb318ae3bd8dc30e51') in 0.019633 seconds 
========================================================================
Received Import Request.
  Time since last request: 4.147697 seconds.
  path: Assets/Sprites/ShopIcons/Layer 3.png
  artifactKey: Guid(5475b257417f39d43a3803768d45d1b6) Importer(815301076,1909f56bfc062723c751e8b465ee728b)
Start importing Assets/Sprites/ShopIcons/Layer 3.png using Guid(5475b257417f39d43a3803768d45d1b6) Importer(815301076,1909f56bfc062723c751e8b465ee728b)  -> (artifact id: 'b218fcaa8119d412236bff897156db10') in 0.051113 seconds 
========================================================================
Received Import Request.
  Time since last request: 0.000029 seconds.
  path: Assets/Sprites/ShopIcons/Layer 14.png
  artifactKey: Guid(c7545501bf727334486e333267c25a28) Importer(815301076,1909f56bfc062723c751e8b465ee728b)
Start importing Assets/Sprites/ShopIcons/Layer 14.png using Guid(c7545501bf727334486e333267c25a28) Importer(815301076,1909f56bfc062723c751e8b465ee728b)  -> (artifact id: '1ab683994db9d568bf11d5705bac226f') in 0.014558 seconds 
========================================================================
Received Import Request.
  Time since last request: 0.000022 seconds.
  path: Assets/Sprites/ShopIcons/Layer 18.png
  artifactKey: Guid(4cda7ec6887d18447b80c6a5951d63ba) Importer(815301076,1909f56bfc062723c751e8b465ee728b)
Start importing Assets/Sprites/ShopIcons/Layer 18.png using Guid(4cda7ec6887d18447b80c6a5951d63ba) Importer(815301076,1909f56bfc062723c751e8b465ee728b)  -> (artifact id: '4649fa7ade2667853c638b41ee86fb3c') in 0.039722 seconds 
========================================================================
Received Import Request.
  Time since last request: 0.000030 seconds.
  path: Assets/Sprites/ShopIcons/Layer 7.png
  artifactKey: Guid(cf12dbb5212d89d4e829a3d1669bdac5) Importer(815301076,1909f56bfc062723c751e8b465ee728b)
Start importing Assets/Sprites/ShopIcons/Layer 7.png using Guid(cf12dbb5212d89d4e829a3d1669bdac5) Importer(815301076,1909f56bfc062723c751e8b465ee728b)  -> (artifact id: '0ab590c72c33bebe69097f39717b80fc') in 0.020529 seconds 
========================================================================
Received Import Request.
  Time since last request: 0.000024 seconds.
  path: Assets/Sprites/ShopIcons/Layer 6.png
  artifactKey: Guid(f48e267b1dc2b48409a7a4db9fb4ee61) Importer(815301076,1909f56bfc062723c751e8b465ee728b)
Start importing Assets/Sprites/ShopIcons/Layer 6.png using Guid(f48e267b1dc2b48409a7a4db9fb4ee61) Importer(815301076,1909f56bfc062723c751e8b465ee728b)  -> (artifact id: '7fbd9925ac2523842ba9969111fdb425') in 0.021751 seconds 
========================================================================
Received Import Request.
  Time since last request: 839.440442 seconds.
  path: Assets/Sprites/UI/Rounded Rectangle 1 copy 2.png
  artifactKey: Guid(b077986e0d13a554c84d4bc859b21069) Importer(815301076,1909f56bfc062723c751e8b465ee728b)
Start importing Assets/Sprites/UI/Rounded Rectangle 1 copy 2.png using Guid(b077986e0d13a554c84d4bc859b21069) Importer(815301076,1909f56bfc062723c751e8b465ee728b)  -> (artifact id: 'ef6766c8d4bb34b23c76780b2b79d83d') in 0.013950 seconds 
========================================================================
Received Import Request.
  Time since last request: 0.000036 seconds.
  path: Assets/Sprites/UI/Rounded Rectangle 1.png
  artifactKey: Guid(44d8fc51f80998a40a703515e9ce68ca) Importer(815301076,1909f56bfc062723c751e8b465ee728b)
Start importing Assets/Sprites/UI/Rounded Rectangle 1.png using Guid(44d8fc51f80998a40a703515e9ce68ca) Importer(815301076,1909f56bfc062723c751e8b465ee728b)  -> (artifact id: '649e1156243f502ba8cb90aa1ec09b39') in 0.012811 seconds 
========================================================================
Received Import Request.
  Time since last request: 0.000027 seconds.
  path: Assets/Sprites/UI/Rounded Rectangle 2.png
  artifactKey: Guid(a776beb8528ccda408be96a5b76e6c2d) Importer(815301076,1909f56bfc062723c751e8b465ee728b)
Start importing Assets/Sprites/UI/Rounded Rectangle 2.png using Guid(a776beb8528ccda408be96a5b76e6c2d) Importer(815301076,1909f56bfc062723c751e8b465ee728b)  -> (artifact id: 'f3e93ef8f860696c15998c0565bfaeb6') in 0.014178 seconds 
========================================================================
Received Import Request.
  Time since last request: 0.000032 seconds.
  path: Assets/Sprites/UI/Rounded Rectangle 3.png
  artifactKey: Guid(ba68811e118e0794da1c27658a801b61) Importer(815301076,1909f56bfc062723c751e8b465ee728b)
Start importing Assets/Sprites/UI/Rounded Rectangle 3.png using Guid(ba68811e118e0794da1c27658a801b61) Importer(815301076,1909f56bfc062723c751e8b465ee728b)  -> (artifact id: '5e97a9a91dbd36c5c74cefcee44801c9') in 0.012307 seconds 
========================================================================
Received Import Request.
  Time since last request: 13.590919 seconds.
  path: Assets/Sprites/UI/bank.png
  artifactKey: Guid(45605cac68237dc4b8a9ba4867df66b5) Importer(815301076,1909f56bfc062723c751e8b465ee728b)
Start importing Assets/Sprites/UI/bank.png using Guid(45605cac68237dc4b8a9ba4867df66b5) Importer(815301076,1909f56bfc062723c751e8b465ee728b)  -> (artifact id: '5199569db01e11f547c0ddf9da3de8aa') in 0.012086 seconds 
========================================================================
Received Import Request.
  Time since last request: 8.197049 seconds.
  path: Assets/Sprites/UI/bank.png
  artifactKey: Guid(45605cac68237dc4b8a9ba4867df66b5) Importer(815301076,1909f56bfc062723c751e8b465ee728b)
Start importing Assets/Sprites/UI/bank.png using Guid(45605cac68237dc4b8a9ba4867df66b5) Importer(815301076,1909f56bfc062723c751e8b465ee728b)  -> (artifact id: '4c2eb7867fc51014645a916a4d03f5ab') in 0.015788 seconds 
========================================================================
Received Import Request.
  Time since last request: 0.000023 seconds.
  path: Assets/Sprites/UI/Rounded Rectangle 2 copy 2.png
  artifactKey: Guid(2aad023dd67617e4c98c1830739cf79c) Importer(815301076,1909f56bfc062723c751e8b465ee728b)
Start importing Assets/Sprites/UI/Rounded Rectangle 2 copy 2.png using Guid(2aad023dd67617e4c98c1830739cf79c) Importer(815301076,1909f56bfc062723c751e8b465ee728b)  -> (artifact id: '3fab61db08ffad6ecc30c0309976a961') in 0.028823 seconds 
Editor requested this worker to shutdown with reason: Scaling down because of idle timeout
AssetImportWorker is now disconnected from the server
Process exiting
Exiting without the bug reporter. Application will terminate with return code 0